Arguments: 
  C:\Program Files\nodejs\node.exe C:\Users\heito\AppData\Roaming\npm\node_modules\yarn\bin\yarn.js add @prisma/client@latest

PATH: 
  C:\Users\heito\bin;C:\Program Files\Git\mingw64\bin;C:\Program Files\Git\usr\local\bin;C:\Program Files\Git\usr\bin;C:\Program Files\Git\usr\bin;C:\Program Files\Git\mingw64\bin;C:\Program Files\Git\usr\bin;C:\Users\heito\bin;C:\Windows\system32;C:\Windows;C:\Windows\System32\Wbem;C:\Windows\System32\WindowsPowerShell\v1.0;C:\Windows\System32\OpenSSH;C:\Program Files (x86)\NVIDIA Corporation\PhysX\Common;C:\Program Files\NVIDIA Corporation\NVIDIA NvDLISR;C:\Program Files\dotnet;C:\ProgramData\chocolatey\bin;C:\Program Files\nodejs;C:\Program Files\OpenJDK\openjdk-11.0.14.1_1\bin;C:\Program Files\Git\cmd;C:\Users\heito\AppData\Local\Android\Sdk\platform-tools;C:\Users\heito\AppData\Local\Microsoft\WindowsApps;C:\Users\heito\AppData\Local\Programs\Microsoft VS Code\bin;C:\Users\heito\AppData\Roaming\npm;C:\Users\heito\AppData\Local\Android\Sdk\emulator;C:\Users\heito\AppData\Local\Android\Sdk\tools;C:\Users\heito\AppData\Local\Android\Sdk\tools\bin;C:\Users\heito\AppData\Local\Android\Sdk\platform-tools;C:\Users\heito\AppData\Local\Yarn\bin;C:\Program Files\Git\usr\bin\vendor_perl;C:\Program Files\Git\usr\bin\core_perl

Yarn version: 
  1.22.18

Node version: 
  16.15.0

Platform: 
  win32 x64

Trace: 
  Error: EPERM: operation not permitted, unlink 'C:\Users\heito\Desktop\projetos\TG\BACKEND\node_modules\@prisma\engines\query_engine-windows.dll.node'

npm manifest: 
  {
    "name": "backend",
    "version": "1.0.0",
    "description": "",
    "main": "index.js",
    "scripts": {
      "test": "echo \"Error: no test specified\" && exit 1",
      "dev": "ts-node-dev src/server.ts"
    },
    "keywords": [],
    "author": "",
    "license": "ISC",
    "devDependencies": {
      "@types/express": "^4.17.13",
      "@types/node": "^18.0.0",
      "ts-node-dev": "^2.0.0",
      "typescript": "^4.7.4"
    },
    "dependencies": {
      "@prisma/client": "^3.15.2",
      "express": "^4.18.1",
      "prisma": "^3.15.2"
    }
  }

yarn manifest: 
  No manifest

Lockfile: 
  No lockfile
